#
# A fatal error has been detected by the Java Runtime Environment:
#
#  EXCEPTION_ACCESS_VIOLATION (0xc0000005) at pc=0x0000000060bb1970, pid=15920, tid=0x0000000000002030
#
# JRE version: Java(TM) SE Runtime Environment (8.0_151-b12) (build 1.8.0_151-b12)
# Java VM: Java HotSpot(TM) 64-Bit Server VM (25.151-b12 mixed mode windows-amd64 compressed oops)
# Problematic frame:
# C  [nvoglv64.DLL+0xb81970]
#
# Failed to write core dump. Minidumps are not enabled by default on client versions of Windows
#
# If you would like to submit a bug report, please visit:
#   http://bugreport.java.com/bugreport/crash.jsp
# The crash happened outside the Java Virtual Machine in native code.
# See problematic frame for where to report the bug.
#

---------------  T H R E A D  ---------------

Current thread (0x000000002cf8b000):  JavaThread "LWJGL Application" [_thread_in_native, id=8240, stack(0x000000002e440000,0x000000002e540000)]

siginfo: ExceptionCode=0xc0000005, reading address 0x000000002c7e2c00

Registers:
RAX=0x0000000000000005, RBX=0x000000002c7e2c00, RCX=0x000000000000000a, RDX=0x0002566400000000
RSP=0x000000002e53ef00, RBP=0x000000002f4de080, RSI=0x0000000000000006, RDI=0x0000000000000006
R8 =0x0000000000000c2f, R9 =0x0000000000000000, R10=0x0000000000000007, R11=0x0000000062a4b4d0
R12=0x0000000000000000, R13=0x0000000000000005, R14=0x0000000000000000, R15=0x0000000000001403
RIP=0x0000000060bb1970, EFLAGS=0x0000000000010246

Top of Stack: (sp=0x000000002e53ef00)
0x000000002e53ef00:   0000000000000004 0000000000000000
0x000000002e53ef10:   0000000000000000 000000002cf8b000
0x000000002e53ef20:   0000000000000000 000000002e53f120
0x000000002e53ef30:   0000000000000000 0000000000000000
0x000000002e53ef40:   000000002e53f000 0000000000000000
0x000000002e53ef50:   000000002f4de828 000000018000d8d0
0x000000002e53ef60:   0000000000001403 000000002cf8b000
0x000000002e53ef70:   000000002c7e2c00 0000000000000004
0x000000002e53ef80:   000000002f4de080 000000002e53f0d0
0x000000002e53ef90:   0000000000000000 0000000060870d66
0x000000002e53efa0:   000000002cfff700 0000000000000004
0x000000002e53efb0:   0000000000000006 000000002a2a37b0
0x000000002e53efc0:   0000000000000006 000000000000000c
0x000000002e53efd0:   000000002c7e2c00 0000000000000000
0x000000002e53efe0:   0000000028353d00 000000002cf8b000
0x000000002e53eff0:   0000000000000010 00000000052977c6 

Instructions: (pc=0x0000000060bb1970)
0x0000000060bb1950:   f0 0f 47 f1 0f 42 c1 eb 6e 41 81 ff 03 14 00 00
0x0000000060bb1960:   75 2c 48 8b 9c 24 d0 00 00 00 8d 47 ff 4c 63 e8
0x0000000060bb1970:   0f b7 13 42 0f b7 0c 6b 0f b7 c1 66 3b d1 66 0f
0x0000000060bb1980:   47 c2 66 0f 42 ca 0f b7 f0 0f b7 c1 eb 39 41 81 


Register to memory mapping:

RAX=0x0000000000000005 is an unknown value
RBX=0x000000002c7e2c00 is an unknown value
RCX=0x000000000000000a is an unknown value
RDX=0x0002566400000000 is an unknown value
RSP=0x000000002e53ef00 is pointing into the stack for thread: 0x000000002cf8b000
RBP=0x000000002f4de080 is an unknown value
RSI=0x0000000000000006 is an unknown value
RDI=0x0000000000000006 is an unknown value
R8 =0x0000000000000c2f is an unknown value
R9 =0x0000000000000000 is an unknown value
R10=0x0000000000000007 is an unknown value
R11=0x0000000062a4b4d0 is an unknown value
R12=0x0000000000000000 is an unknown value
R13=0x0000000000000005 is an unknown value
R14=0x0000000000000000 is an unknown value
R15=0x0000000000001403 is an unknown value


Stack: [0x000000002e440000,0x000000002e540000],  sp=0x000000002e53ef00,  free space=1019k
Native frames: (J=compiled Java code, j=interpreted, Vv=VM code, C=native code)
C  [nvoglv64.DLL+0xb81970]
C  [nvoglv64.DLL+0x840d66]
C  0x0000000005297934

Java frames: (J=compiled Java code, j=interpreted, Vv=VM code)
j  org.lwjgl.opengl.GL11.nglDrawElements(IIIJJ)V+0
j  org.lwjgl.opengl.GL11.glDrawElements(ILjava/nio/ShortBuffer;)V+34
j  com.badlogic.gdx.backends.lwjgl.LwjglGL20.glDrawElements(IIILjava/nio/Buffer;)V+21
j  com.badlogic.gdx.graphics.Mesh.render(Lcom/badlogic/gdx/graphics/glutils/ShaderProgram;IIIZ)V+88
j  com.badlogic.gdx.graphics.Mesh.render(Lcom/badlogic/gdx/graphics/glutils/ShaderProgram;III)V+10
j  com.badlogic.gdx.graphics.g2d.SpriteBatch.flush()V+184
j  com.badlogic.gdx.graphics.g2d.SpriteBatch.end()V+25
j  com.relativity.game.RelativityGame.render()V+51
j  com.badlogic.gdx.backends.lwjgl.LwjglApplication.mainLoop()V+698
j  com.badlogic.gdx.backends.lwjgl.LwjglApplication$1.run()V+27
v  ~StubRoutines::call_stub

---------------  P R O C E S S  ---------------

Java Threads: ( => current thread )
  0x0000000005182800 JavaThread "DestroyJavaVM" [_thread_blocked, id=836, stack(0x0000000005080000,0x0000000005180000)]
=>0x000000002cf8b000 JavaThread "LWJGL Application" [_thread_in_native, id=8240, stack(0x000000002e440000,0x000000002e540000)]
  0x000000002a374000 JavaThread "Service Thread" daemon [_thread_blocked, id=14788, stack(0x000000002cbc0000,0x000000002ccc0000)]
  0x000000002a2a0000 JavaThread "C1 CompilerThread11" daemon [_thread_blocked, id=480, stack(0x000000002cac0000,0x000000002cbc0000)]
  0x000000002a29f800 JavaThread "C1 CompilerThread10" daemon [_thread_blocked, id=8420, stack(0x000000002c9c0000,0x000000002cac0000)]
  0x000000002a29e800 JavaThread "C1 CompilerThread9" daemon [_thread_blocked, id=7288, stack(0x000000002c8c0000,0x000000002c9c0000)]
  0x000000002a2a2800 JavaThread "C1 CompilerThread8" daemon [_thread_blocked, id=5956, stack(0x000000002c6c0000,0x000000002c7c0000)]
  0x000000002a2a2000 JavaThread "C2 CompilerThread7" daemon [_thread_blocked, id=13724, stack(0x000000002c5c0000,0x000000002c6c0000)]
  0x000000002a2a1000 JavaThread "C2 CompilerThread6" daemon [_thread_blocked, id=11348, stack(0x000000002c4c0000,0x000000002c5c0000)]
  0x000000002a29d000 JavaThread "C2 CompilerThread5" daemon [_thread_blocked, id=6376, stack(0x000000002c3c0000,0x000000002c4c0000)]
  0x000000002a29c800 JavaThread "C2 CompilerThread4" daemon [_thread_blocked, id=2952, stack(0x000000002c2c0000,0x000000002c3c0000)]
  0x000000002a29b800 JavaThread "C2 CompilerThread3" daemon [_thread_blocked, id=2580, stack(0x000000002c1c0000,0x000000002c2c0000)]
  0x000000002a29e000 JavaThread "C2 CompilerThread2" daemon [_thread_blocked, id=13708, stack(0x000000002c0c0000,0x000000002c1c0000)]
  0x000000002a293000 JavaThread "C2 CompilerThread1" daemon [_thread_blocked, id=11216, stack(0x000000002bfc0000,0x000000002c0c0000)]
  0x000000002a28d000 JavaThread "C2 CompilerThread0" daemon [_thread_blocked, id=512, stack(0x000000002bec0000,0x000000002bfc0000)]
  0x000000002a28c000 JavaThread "Attach Listener" daemon [_thread_blocked, id=12320, stack(0x000000002bdc0000,0x000000002bec0000)]
  0x000000002a287000 JavaThread "Signal Dispatcher" daemon [_thread_blocked, id=4384, stack(0x000000002bcc0000,0x000000002bdc0000)]
  0x000000002a276800 JavaThread "Finalizer" daemon [_thread_blocked, id=3432, stack(0x000000002bad0000,0x000000002bbd0000)]
  0x00000000287fc000 JavaThread "Reference Handler" daemon [_thread_blocked, id=284, stack(0x000000002b9d0000,0x000000002bad0000)]

Other Threads:
  0x000000002a253800 VMThread [stack: 0x000000002b8d0000,0x000000002b9d0000] [id=4404]
  0x000000002a385800 WatcherThread [stack: 0x000000002ccc0000,0x000000002cdc0000] [id=1100]

VM state:not at safepoint (normal execution)

VM Mutex/Monitor currently owned by a thread: None

Heap:
 PSYoungGen      total 153088K, used 23685K [0x0000000715b00000, 0x0000000720580000, 0x00000007c0000000)
  eden space 131584K, 18% used [0x0000000715b00000,0x0000000717221690,0x000000071db80000)
  from space 21504K, 0% used [0x000000071f080000,0x000000071f080000,0x0000000720580000)
  to   space 21504K, 0% used [0x000000071db80000,0x000000071db80000,0x000000071f080000)
 ParOldGen       total 349696K, used 0K [0x00000005c1000000, 0x00000005d6580000, 0x0000000715b00000)
  object space 349696K, 0% used [0x00000005c1000000,0x00000005c1000000,0x00000005d6580000)
 Metaspace       used 6432K, capacity 6691K, committed 6784K, reserved 1056768K
  class space    used 618K, capacity 624K, committed 640K, reserved 1048576K

Card table byte_map: [0x0000000014640000,0x0000000015640000] byte_map_base: 0x0000000011838000

Marking Bits: (ParMarkBitMap*) 0x000000006303d850
 Begin Bits: [0x0000000016df0000, 0x000000001edb0000)
 End Bits:   [0x000000001edb0000, 0x0000000026d70000)

Polling page: 0x00000000034c0000

CodeCache: size=245760Kb used=3845Kb max_used=3855Kb free=241914Kb
 bounds [0x0000000005280000, 0x0000000005650000, 0x0000000014280000]
 total_blobs=870 nmethods=431 adapters=350
 compilation: enabled

Compilation events (10 events):
Event: 1.117 Thread 0x000000002a2a2000  427       4       java.lang.String::<init> (82 bytes)
Event: 1.118 Thread 0x000000002a2a2800  428  s    3       java.util.Vector::addElement (38 bytes)
Event: 1.118 Thread 0x000000002a2a2800 nmethod 428 0x000000000563ebd0 code [0x000000000563ed60, 0x000000000563f288]
Event: 1.119 Thread 0x000000002a29f800  429   !   3       java.lang.ClassLoader::getPackage (118 bytes)
Event: 1.119 Thread 0x000000002a29f800 nmethod 429 0x0000000005642350 code [0x0000000005642520, 0x0000000005643028]
Event: 1.119 Thread 0x000000002a2a2000 nmethod 427 0x0000000005643410 code [0x0000000005643560, 0x0000000005643818]
Event: 1.120 Thread 0x000000002a29d000  430       4       java.lang.AbstractStringBuilder::append (50 bytes)
Event: 1.123 Thread 0x000000002a29d000 nmethod 430 0x000000000563fa90 code [0x000000000563fbe0, 0x000000000563fff8]
Event: 1.127 Thread 0x000000002a2a0000  431       3       java.util.Vector::elementData (7 bytes)
Event: 1.127 Thread 0x000000002a2a0000 nmethod 431 0x000000000563f6d0 code [0x000000000563f820, 0x000000000563f9b0]

GC Heap History (0 events):
No events

Deoptimization events (0 events):
No events

Internal exceptions (10 events):
Event: 0.130 Thread 0x0000000005182800 Exception <a 'java/security/PrivilegedActionException'> (0x0000000715d33ec0) thrown at [C:\re\workspace\8-2-build-windows-amd64-cygwin\jdk8u151\9699\hotspot\src\share\vm\prims\jvm.cpp, line 1390]
Event: 0.130 Thread 0x0000000005182800 Exception <a 'java/security/PrivilegedActionException'> (0x0000000715d340d0) thrown at [C:\re\workspace\8-2-build-windows-amd64-cygwin\jdk8u151\9699\hotspot\src\share\vm\prims\jvm.cpp, line 1390]
Event: 0.131 Thread 0x0000000005182800 Exception <a 'java/security/PrivilegedActionException'> (0x0000000715d37d40) thrown at [C:\re\workspace\8-2-build-windows-amd64-cygwin\jdk8u151\9699\hotspot\src\share\vm\prims\jvm.cpp, line 1390]
Event: 0.131 Thread 0x0000000005182800 Exception <a 'java/security/PrivilegedActionException'> (0x0000000715d37f50) thrown at [C:\re\workspace\8-2-build-windows-amd64-cygwin\jdk8u151\9699\hotspot\src\share\vm\prims\jvm.cpp, line 1390]
Event: 0.261 Thread 0x0000000005182800 Exception <a 'java/security/PrivilegedActionException'> (0x0000000716392c50) thrown at [C:\re\workspace\8-2-build-windows-amd64-cygwin\jdk8u151\9699\hotspot\src\share\vm\prims\jvm.cpp, line 1390]
Event: 0.261 Thread 0x0000000005182800 Exception <a 'java/security/PrivilegedActionException'> (0x0000000716394928) thrown at [C:\re\workspace\8-2-build-windows-amd64-cygwin\jdk8u151\9699\hotspot\src\share\vm\prims\jvm.cpp, line 1390]
Event: 0.261 Thread 0x0000000005182800 Exception <a 'java/security/PrivilegedActionException'> (0x0000000716395a98) thrown at [C:\re\workspace\8-2-build-windows-amd64-cygwin\jdk8u151\9699\hotspot\src\share\vm\prims\jvm.cpp, line 1390]
Event: 0.262 Thread 0x0000000005182800 Exception <a 'java/security/PrivilegedActionException'> (0x000000071639ac00) thrown at [C:\re\workspace\8-2-build-windows-amd64-cygwin\jdk8u151\9699\hotspot\src\share\vm\prims\jvm.cpp, line 1390]
Event: 0.262 Thread 0x0000000005182800 Exception <a 'java/security/PrivilegedActionException'> (0x000000071639b858) thrown at [C:\re\workspace\8-2-build-windows-amd64-cygwin\jdk8u151\9699\hotspot\src\share\vm\prims\jvm.cpp, line 1390]
Event: 0.262 Thread 0x0000000005182800 Exception <a 'java/security/PrivilegedActionException'> (0x000000071639c480) thrown at [C:\re\workspace\8-2-build-windows-amd64-cygwin\jdk8u151\9699\hotspot\src\share\vm\prims\jvm.cpp, line 1390]

Events (10 events):
Event: 1.125 loading class com/badlogic/gdx/graphics/Texture$TextureFilter
Event: 1.125 loading class com/badlogic/gdx/graphics/Texture$TextureFilter done
Event: 1.125 loading class com/badlogic/gdx/graphics/Texture$TextureWrap
Event: 1.125 loading class com/badlogic/gdx/graphics/Texture$TextureWrap done
Event: 1.126 loading class com/badlogic/gdx/graphics/TextureData$TextureDataType
Event: 1.126 loading class com/badlogic/gdx/graphics/TextureData$TextureDataType done
Event: 1.126 loading class org/lwjgl/opengl/GLChecks
Event: 1.126 loading class org/lwjgl/opengl/GLChecks done
Event: 1.127 loading class org/lwjgl/opengl/GL14
Event: 1.127 loading class org/lwjgl/opengl/GL14 done


Dynamic libraries:
0x00007ff6e1790000 - 0x00007ff6e17c7000 	C:\Program Files\Java\jre1.8.0_151\bin\javaw.exe
0x00007ffeecb60000 - 0x00007ffeecd40000 	C:\WINDOWS\SYSTEM32\ntdll.dll
0x00007ffeeba90000 - 0x00007ffeebb3e000 	C:\WINDOWS\System32\KERNEL32.DLL
0x00007ffee9b30000 - 0x00007ffee9d96000 	C:\WINDOWS\System32\KERNELBASE.dll
0x00007ffeea030000 - 0x00007ffeea0d1000 	C:\WINDOWS\System32\ADVAPI32.dll
0x00007ffeeb710000 - 0x00007ffeeb7ad000 	C:\WINDOWS\System32\msvcrt.dll
0x00007ffeeba30000 - 0x00007ffeeba8b000 	C:\WINDOWS\System32\sechost.dll
0x00007ffeebf60000 - 0x00007ffeec07f000 	C:\WINDOWS\System32\RPCRT4.dll
0x00007ffeec9a0000 - 0x00007ffeecb2f000 	C:\WINDOWS\System32\USER32.dll
0x00007ffee8fb0000 - 0x00007ffee8fd0000 	C:\WINDOWS\System32\win32u.dll
0x00007ffeeba00000 - 0x00007ffeeba28000 	C:\WINDOWS\System32\GDI32.dll
0x00007ffee9070000 - 0x00007ffee9203000 	C:\WINDOWS\System32\gdi32full.dll
0x00007ffee8fd0000 - 0x00007ffee906b000 	C:\WINDOWS\System32\msvcp_win.dll
0x00007ffee9e00000 - 0x00007ffee9ef6000 	C:\WINDOWS\System32\ucrtbase.dll
0x00007ffedfcf0000 - 0x00007ffedff59000 	C:\WINDOWS\WinSxS\amd64_microsoft.windows.common-controls_6595b64144ccf1df_6.0.16299.125_none_15cbcf8893620c09\COMCTL32.dll
0x00007ffeec080000 - 0x00007ffeec388000 	C:\WINDOWS\System32\combase.dll
0x00007ffee9fb0000 - 0x00007ffeea022000 	C:\WINDOWS\System32\bcryptPrimitives.dll
0x00007ffeebbd0000 - 0x00007ffeebbfd000 	C:\WINDOWS\System32\IMM32.DLL
0x00007ffee8100000 - 0x00007ffee8131000 	C:\WINDOWS\SYSTEM32\ntmarta.dll
0x00007ffee8db0000 - 0x00007ffee8de0000 	C:\WINDOWS\SYSTEM32\SspiCli.dll
0x0000000062630000 - 0x0000000062702000 	C:\Program Files\Java\jre1.8.0_151\bin\msvcr100.dll
0x0000000062820000 - 0x00000000630bd000 	C:\Program Files\Java\jre1.8.0_151\bin\server\jvm.dll
0x00007ffeebee0000 - 0x00007ffeebee8000 	C:\WINDOWS\System32\PSAPI.DLL
0x00007ffeda290000 - 0x00007ffeda299000 	C:\WINDOWS\SYSTEM32\WSOCK32.dll
0x00007ffeeb990000 - 0x00007ffeeb9fc000 	C:\WINDOWS\System32\WS2_32.dll
0x00007ffee5da0000 - 0x00007ffee5dc3000 	C:\WINDOWS\SYSTEM32\WINMM.dll
0x00007ffee3840000 - 0x00007ffee384a000 	C:\WINDOWS\SYSTEM32\VERSION.dll
0x00007ffee5d20000 - 0x00007ffee5d4a000 	C:\WINDOWS\SYSTEM32\WINMMBASE.dll
0x00007ffee8f60000 - 0x00007ffee8faa000 	C:\WINDOWS\System32\cfgmgr32.dll
0x0000000062810000 - 0x000000006281f000 	C:\Program Files\Java\jre1.8.0_151\bin\verify.dll
0x00000000627e0000 - 0x0000000062809000 	C:\Program Files\Java\jre1.8.0_151\bin\java.dll
0x00000000627c0000 - 0x00000000627d6000 	C:\Program Files\Java\jre1.8.0_151\bin\zip.dll
0x00007ffeea2d0000 - 0x00007ffeeb706000 	C:\WINDOWS\System32\SHELL32.dll
0x00007ffeeb8e0000 - 0x00007ffeeb986000 	C:\WINDOWS\System32\shcore.dll
0x00007ffee93e0000 - 0x00007ffee9b27000 	C:\WINDOWS\System32\windows.storage.dll
0x00007ffeebc00000 - 0x00007ffeebc51000 	C:\WINDOWS\System32\shlwapi.dll
0x00007ffee8f40000 - 0x00007ffee8f51000 	C:\WINDOWS\System32\kernel.appcore.dll
0x00007ffee8eb0000 - 0x00007ffee8efc000 	C:\WINDOWS\System32\powrprof.dll
0x00007ffee8f00000 - 0x00007ffee8f1b000 	C:\WINDOWS\System32\profapi.dll
0x0000000065580000 - 0x0000000065616000 	C:\Users\Jacob\AppData\Local\Temp\libgdxJacob\12dfaa03\gdx64.dll
0x00007ffee8900000 - 0x00007ffee8917000 	C:\WINDOWS\SYSTEM32\CRYPTSP.dll
0x00007ffee8350000 - 0x00007ffee8383000 	C:\WINDOWS\system32\rsaenh.dll
0x00007ffee8a10000 - 0x00007ffee8a35000 	C:\WINDOWS\SYSTEM32\bcrypt.dll
0x00007ffee8de0000 - 0x00007ffee8e09000 	C:\WINDOWS\SYSTEM32\USERENV.dll
0x00007ffee8920000 - 0x00007ffee892b000 	C:\WINDOWS\SYSTEM32\CRYPTBASE.dll
0x00000000627a0000 - 0x00000000627ba000 	C:\Program Files\Java\jre1.8.0_151\bin\net.dll
0x00007ffee8740000 - 0x00007ffee87a6000 	C:\WINDOWS\system32\mswsock.dll
0x00007ffee84d0000 - 0x00007ffee8509000 	C:\WINDOWS\SYSTEM32\IPHLPAPI.DLL
0x00007ffeebbc0000 - 0x00007ffeebbc8000 	C:\WINDOWS\System32\NSI.dll
0x00007ffee4180000 - 0x00007ffee4196000 	C:\WINDOWS\SYSTEM32\dhcpcsvc6.DLL
0x00007ffee4350000 - 0x00007ffee436a000 	C:\WINDOWS\SYSTEM32\dhcpcsvc.DLL
0x0000000062780000 - 0x0000000062791000 	C:\Program Files\Java\jre1.8.0_151\bin\nio.dll
0x0000000180000000 - 0x0000000180053000 	C:\Users\Jacob\AppData\Local\Temp\libgdxJacob\dc0f0009\lwjgl64.dll
0x00007ffebd600000 - 0x00007ffebd71e000 	C:\WINDOWS\SYSTEM32\OPENGL32.dll
0x00007ffec6cd0000 - 0x00007ffec6cfc000 	C:\WINDOWS\SYSTEM32\GLU32.dll
0x000000002d980000 - 0x000000002d9e4000 	C:\Users\Jacob\AppData\Local\Temp\libgdxJacob\dc0f0009\OpenAL64.dll
0x00007ffeea0e0000 - 0x00007ffeea229000 	C:\WINDOWS\System32\ole32.dll
0x00007ffee7450000 - 0x00007ffee74e5000 	C:\WINDOWS\system32\uxtheme.dll
0x00007ffec71a0000 - 0x00007ffec721e000 	C:\Program Files\ASUSTeKcomputer.Inc\Sonic Suite 3\Foundation\x64\SS3DevProps.dll
0x00007ffeea230000 - 0x00007ffeea2ce000 	C:\WINDOWS\System32\clbcatq.dll
0x00007ffee2ba0000 - 0x00007ffee2c0f000 	C:\WINDOWS\System32\MMDevApi.dll
0x00007ffee58c0000 - 0x00007ffee5a71000 	C:\WINDOWS\System32\PROPSYS.dll
0x00007ffeeb810000 - 0x00007ffeeb8d5000 	C:\WINDOWS\System32\OLEAUT32.dll
0x00007ffee8cc0000 - 0x00007ffee8ce7000 	C:\WINDOWS\System32\DEVOBJ.dll
0x00007ffec2940000 - 0x00007ffec2a62000 	C:\WINDOWS\SYSTEM32\AUDIOSES.DLL
0x00007ffee5090000 - 0x00007ffee51c6000 	C:\WINDOWS\SYSTEM32\wintypes.dll
0x00007ffee4960000 - 0x00007ffee496a000 	C:\WINDOWS\SYSTEM32\AVRT.dll
0x00007ffec9880000 - 0x00007ffec990f000 	C:\WINDOWS\SYSTEM32\dsound.dll
0x00007ffeebd70000 - 0x00007ffeebed7000 	C:\WINDOWS\System32\MSCTF.dll
0x00007ffee7760000 - 0x00007ffee778a000 	C:\WINDOWS\system32\dwmapi.dll
0x00007ffee15f0000 - 0x00007ffee1688000 	C:\WINDOWS\System32\TextInputFramework.dll
0x00007ffee4540000 - 0x00007ffee482e000 	C:\WINDOWS\System32\CoreUIComponents.dll
0x00007ffee6d60000 - 0x00007ffee6e3d000 	C:\WINDOWS\System32\CoreMessaging.dll
0x0000000060030000 - 0x0000000062312000 	C:\WINDOWS\SYSTEM32\nvoglv64.DLL
0x00007ffeec550000 - 0x00007ffeec99e000 	C:\WINDOWS\System32\SETUPAPI.dll
0x00007ffee5b80000 - 0x00007ffee5b93000 	C:\WINDOWS\SYSTEM32\WTSAPI32.dll
0x00007ffee9da0000 - 0x00007ffee9df8000 	C:\WINDOWS\System32\WINTRUST.dll
0x00007ffee8f20000 - 0x00007ffee8f32000 	C:\WINDOWS\System32\MSASN1.dll
0x000000002f000000 - 0x000000002f1ce000 	C:\WINDOWS\System32\CRYPT32.dll
0x00007ffedc770000 - 0x00007ffedc9c4000 	C:\WINDOWS\system32\nvspcap64.dll
0x00007ffee38d0000 - 0x00007ffee3967000 	C:\WINDOWS\SYSTEM32\mscms.dll
0x00007ffee1c00000 - 0x00007ffee1c41000 	C:\WINDOWS\SYSTEM32\icm32.dll
0x00007ffee8170000 - 0x00007ffee81c5000 	C:\WINDOWS\SYSTEM32\WINSTA.dll
0x00007ffeda950000 - 0x00007ffedab18000 	C:\WINDOWS\SYSTEM32\dbghelp.dll

VM Arguments:
jvm_args: -Dfile.encoding=Cp1252 
java_command: com.relativity.game.desktop.DesktopLauncher
java_class_path (initial): D:\Users\Jacob\Downloads\RelativityGame\desktop\bin;D:\Users\Jacob\Downloads\RelativityGame\core\bin;C:\Users\Jacob\.gradle\caches\modules-2\files-2.1\com.badlogicgames.gdx\gdx\1.9.8\a35a0076fbce873f9c2d5a1a1c8066244231bb3c\gdx-1.9.8.jar;C:\Users\Jacob\.gradle\caches\modules-2\files-2.1\com.badlogicgames.gdx\gdx-box2d\1.9.8\6f0497b7958216464101adfb7bdc3a0f7b88d6d3\gdx-box2d-1.9.8.jar;C:\Users\Jacob\.gradle\caches\modules-2\files-2.1\com.badlogicgames.gdx\gdx-controllers\1.9.8\8cdc9ab6826a74594c3b0084d8a7669f8124592b\gdx-controllers-1.9.8.jar;C:\Users\Jacob\.gradle\caches\modules-2\files-2.1\com.badlogicgames.gdx\gdx-ai\1.8.0\ec30677d8ab1a8b8aa4b853c5f4e4b1361f50bf5\gdx-ai-1.8.0.jar;C:\Users\Jacob\.gradle\caches\modules-2\files-2.1\com.badlogicgames.ashley\ashley\1.7.0\a7c4083c0a42027a3c03ba7ccecef6cbe1c5f0a4\ashley-1.7.0.jar;C:\Users\Jacob\.gradle\caches\modules-2\files-2.1\com.badlogicgames.gdx\gdx-freetype\1.9.8\d92b5b8beab10e3b3c0dd836d4fc186f95e7ea4b\gdx-freetype-1.9.8.jar;C:\Users\Jacob\.gradle\caches\modules-2\files-2.1\com.badlogicgames.gdx\gdx-bullet\1.9.8\7f6d7421bc365d49246b65f0528978fd0c8524ed\gdx-bullet-1.9.8.jar;C:\Users\Jacob\.gradle\caches\modules-2\files-2.1\com.badlogicgames.box2dlights\box2dlights\1.4\3d77ad5b4164fb32fc67e2446e35911bb0aaf0bd\box2dlights-1.4.jar;C:\Users\Jacob\.gradle\caches\modules-2\files-2.1\com.badlogicgames.gdx\gdx-backend-lwjgl\1.9.8\b7c138f14ed67ad830ae7597da3d86ae02b20eee\gdx-backend-lwjgl-1.9.8.jar;C:\Users\Jacob\.gradle\caches\modules-2\files-2.1\com.badlogicgames.gdx\gdx-platform\1.9.8\604a2ef2c7c92a5900114757cbd3fb4dcbb8270c\gdx-platform-1.9.8-natives-desktop.jar;C:\Users\Jacob\.gradle\caches\modules-2\files-2.1\com.badlogicgames.gdx\gdx-box2d-platform\1.9.8\3195b56f82751d7cd7de85edb6824d17bf479781\gdx-box2d-platform-1.9.8-natives-desktop.jar;C:\Users\Jacob\.gradle\caches\modules-2\files-2.1\com.badlogicgames.gdx\gdx-controllers-desktop\1.9.8\631f8e4bc387dbf8a7122e2e8729ec1cdc0dc45a\gdx-contr
Launcher Type: SUN_STANDARD

Environment Variables:
PATH=C:/Program Files/Java/jre1.8.0_151/bin/server;C:/Program Files/Java/jre1.8.0_151/bin;C:/Program Files/Java/jre1.8.0_151/lib/amd64;C:\ProgramData\Oracle\Java\javapath;C:\Windows\system32;C:\Windows;C:\Windows\System32\Wbem;C:\Windows\System32\WindowsPowerShell\v1.0\;C:\Program Files (x86)\NVIDIA Corporation\PhysX\Common;%SystemRoot%\system32;%SystemRoot%;%SystemRoot%\System32\Wbem;%SYSTEMROOT%\System32\WindowsPowerShell\v1.0\;C:\Users\Jacob\AppData\Local\Microsoft\WindowsApps;;C:\WINDOWS\System32;
USERNAME=Jacob
OS=Windows_NT
PROCESSOR_IDENTIFIER=AMD64 Family 23 Model 1 Stepping 1, AuthenticAMD



---------------  S Y S T E M  ---------------

OS: Windows 10.0 , 64 bit Build 16299 (10.0.16299.15)

CPU:total 16 (initial active 16) (16 cores per cpu, 1 threads per core) family 23 model 1 stepping 1, cmov, cx8, fxsr, mmx, sse, sse2, sse3, ssse3, sse4.1, sse4.2, popcnt, avx, avx2, aes, clmul, mmxext, 3dnowpref, lzcnt, sse4a, tsc, tscinvbit, tscinv, bmi1

Memory: 4k page, physical 33480980k(24474016k free), swap 38461716k(25082984k free)

vm_info: Java HotSpot(TM) 64-Bit Server VM (25.151-b12) for windows-amd64 JRE (1.8.0_151-b12), built on Sep  5 2017 19:33:46 by "java_re" with MS VC++ 10.0 (VS2010)

time: Fri Dec 22 14:12:46 2017
elapsed time: 1 seconds (0d 0h 0m 1s)

